<?xml version="1.0" encoding="UTF-8"?>
<testng-results skipped="0" failed="0" ignored="0" total="2" passed="2">
  <reporter-output>
  </reporter-output>
  <suite name="Default suite" duration-ms="26966" started-at="2018-10-27T12:02:20Z" finished-at="2018-10-27T12:02:47Z">
    <groups>
    </groups>
    <test name="Default test" duration-ms="26966" started-at="2018-10-27T12:02:20Z" finished-at="2018-10-27T12:02:47Z">
      <class name="TestingFactoryDesignPattern">
        <test-method status="PASS" signature="beforeTest()[pri:0, instance:TestingFactoryDesignPattern@4edc67]" name="beforeTest" is-config="true" duration-ms="15" started-at="2018-10-27T12:02:20Z" finished-at="2018-10-27T12:02:20Z">
          <reporter-output>
          </reporter-output>
        </test-method> <!-- beforeTest -->
        <test-method status="PASS" signature="beforeMethod()[pri:0, instance:TestingFactoryDesignPattern@4edc67]" name="beforeMethod" is-config="true" duration-ms="3490" started-at="2018-10-27T12:02:20Z" finished-at="2018-10-27T12:02:23Z">
          <reporter-output>
          </reporter-output>
        </test-method> <!-- beforeMethod -->
        <test-method status="PASS" signature="launchTestAutomationGuruTest()[pri:0, instance:TestingFactoryDesignPattern@4edc67]" name="launchTestAutomationGuruTest" duration-ms="2596" started-at="2018-10-27T12:02:23Z" finished-at="2018-10-27T12:02:26Z">
          <reporter-output>
          </reporter-output>
        </test-method> <!-- launchTestAutomationGuruTest -->
        <test-method status="PASS" signature="afterMethod()[pri:0, instance:TestingFactoryDesignPattern@4edc67]" name="afterMethod" is-config="true" duration-ms="606" started-at="2018-10-27T12:02:26Z" finished-at="2018-10-27T12:02:26Z">
          <reporter-output>
          </reporter-output>
        </test-method> <!-- afterMethod -->
        <test-method status="PASS" signature="beforeMethod()[pri:0, instance:TestingFactoryDesignPattern@4edc67]" name="beforeMethod" is-config="true" duration-ms="2622" started-at="2018-10-27T12:02:26Z" finished-at="2018-10-27T12:02:29Z">
          <reporter-output>
          </reporter-output>
        </test-method> <!-- beforeMethod -->
        <test-method status="PASS" signature="launchYahooTest()[pri:0, instance:TestingFactoryDesignPattern@4edc67]" name="launchYahooTest" duration-ms="16922" started-at="2018-10-27T12:02:29Z" finished-at="2018-10-27T12:02:46Z">
          <reporter-output>
          </reporter-output>
        </test-method> <!-- launchYahooTest -->
        <test-method status="PASS" signature="afterMethod()[pri:0, instance:TestingFactoryDesignPattern@4edc67]" name="afterMethod" is-config="true" duration-ms="682" started-at="2018-10-27T12:02:46Z" finished-at="2018-10-27T12:02:47Z">
          <reporter-output>
          </reporter-output>
        </test-method> <!-- afterMethod -->
      </class> <!-- TestingFactoryDesignPattern -->
    </test> <!-- Default test -->
  </suite> <!-- Default suite -->
</testng-results>
