<?xml version="1.0" encoding="UTF-8"?>
<testng-results ignored="0" total="1" passed="1" failed="0" skipped="0">
  <reporter-output>
  </reporter-output>
  <suite started-at="2018-11-08T17:27:51Z" name="Default suite" finished-at="2018-11-08T17:28:01Z" duration-ms="10584">
    <groups>
    </groups>
    <test started-at="2018-11-08T17:27:51Z" name="Default test" finished-at="2018-11-08T17:28:01Z" duration-ms="10584">
      <class name="ZipFileTest">
        <test-method is-config="true" signature="setup()[pri:0, instance:ZipFileTest@394a2528]" started-at="2018-11-08T17:27:51Z" name="setup" finished-at="2018-11-08T17:27:55Z" duration-ms="4809" status="PASS">
          <reporter-output>
          </reporter-output>
        </test-method> <!-- setup -->
        <test-method signature="testSearch()[pri:0, instance:ZipFileTest@394a2528]" started-at="2018-11-08T17:27:55Z" name="testSearch" finished-at="2018-11-08T17:28:01Z" duration-ms="5087" status="PASS">
          <reporter-output>
          </reporter-output>
        </test-method> <!-- testSearch -->
        <test-method is-config="true" signature="tearDown()[pri:0, instance:ZipFileTest@394a2528]" started-at="2018-11-08T17:28:01Z" name="tearDown" finished-at="2018-11-08T17:28:01Z" duration-ms="667" status="PASS">
          <reporter-output>
          </reporter-output>
        </test-method> <!-- tearDown -->
      </class> <!-- ZipFileTest -->
    </test> <!-- Default test -->
  </suite> <!-- Default suite -->
</testng-results>
