# JRE version: Java(TM) SE Runtime Environment (9.0+11) (build 9.0.4+11)
# Java VM: Java HotSpot(TM) 64-Bit Server VM (9.0.4+11, mixed mode, tiered, compressed oops, g1 gc, windows-amd64)
Heap:
 garbage-first heap   total 256000K, used 34809K [0x00000006c6600000, 0x00000006c67007d0, 0x00000007c0000000)
  region size 1024K, 30 young (30720K), 6 survivors (6144K)
 Metaspace       used 25193K, capacity 25957K, committed 26032K, reserved 1077248K
  class space    used 3050K, capacity 3233K, committed 3248K, reserved 1048576K
GC Heap History (6 events):
Event: 1.120 GC heap before
{Heap before GC invocations=0 (full 0):
 garbage-first heap   total 256000K, used 24576K [0x00000006c6600000, 0x00000006c67007d0, 0x00000007c0000000)
  region size 1024K, 24 young (24576K), 0 survivors (0K)
 Metaspace       used 13624K, capacity 13958K, committed 14080K, reserved 1062912K
  class space    used 1408K, capacity 1471K, committed 1536K, reserved 1048576K
}
Event: 1.127 GC heap after
{Heap after GC invocations=1 (full 0):
 garbage-first heap   total 256000K, used 7158K [0x00000006c6600000, 0x00000006c67007d0, 0x00000007c0000000)
  region size 1024K, 3 young (3072K), 3 survivors (3072K)
 Metaspace       used 13624K, capacity 13958K, committed 14080K, reserved 1062912K
  class space    used 1408K, capacity 1471K, committed 1536K, reserved 1048576K
}
Event: 1.416 GC heap before
{Heap before GC invocations=1 (full 0):
 garbage-first heap   total 256000K, used 27638K [0x00000006c6600000, 0x00000006c67007d0, 0x00000007c0000000)
  region size 1024K, 23 young (23552K), 3 survivors (3072K)
 Metaspace       used 15573K, capacity 15974K, committed 16256K, reserved 1062912K
  class space    used 1802K, capacity 1861K, committed 1920K, reserved 1048576K
}
Event: 1.421 GC heap after
{Heap after GC invocations=2 (full 0):
 garbage-first heap   total 256000K, used 9227K [0x00000006c6600000, 0x00000006c67007d0, 0x00000007c0000000)
  region size 1024K, 3 young (3072K), 3 survivors (3072K)
 Metaspace       used 15573K, capacity 15974K, committed 16256K, reserved 1062912K
  class space    used 1802K, capacity 1861K, committed 1920K, reserved 1048576K
}
Event: 1.889 GC heap before
{Heap before GC invocations=2 (full 0):
 garbage-first heap   total 256000K, used 32779K [0x00000006c6600000, 0x00000006c67007d0, 0x00000007c0000000)
  region size 1024K, 27 young (27648K), 3 survivors (3072K)
 Metaspace       used 20575K, capacity 21118K, committed 21296K, reserved 1069056K
  class space    used 2427K, capacity 2563K, committed 2608K, reserved 1048576K
}
Event: 1.894 GC heap after
{Heap after GC invocations=3 (full 0):
 garbage-first heap   total 256000K, used 12281K [0x00000006c6600000, 0x00000006c67007d0, 0x00000007c0000000)
  region size 1024K, 6 young (6144K), 6 survivors (6144K)
 Metaspace       used 20575K, capacity 21118K, committed 21296K, reserved 1069056K
  class space    used 2427K, capacity 2563K, committed 2608K, reserved 1048576K
}

