<?xml version="1.0" encoding="UTF-8"?>
<testng-results skipped="0" failed="0" ignored="0" total="1" passed="1">
  <reporter-output>
  </reporter-output>
  <suite name="Default suite" duration-ms="48072" started-at="2018-11-03T08:06:18Z" finished-at="2018-11-03T08:07:06Z">
    <groups>
    </groups>
    <test name="Default test" duration-ms="48072" started-at="2018-11-03T08:06:18Z" finished-at="2018-11-03T08:07:06Z">
      <class name="Download.SeleniumDownload">
        <test-method status="PASS" signature="downloadTest()[pri:0, instance:Download.SeleniumDownload@15530b9]" name="downloadTest" duration-ms="48036" started-at="2018-11-03T08:06:18Z" finished-at="2018-11-03T08:07:06Z">
          <reporter-output>
          </reporter-output>
        </test-method> <!-- downloadTest -->
      </class> <!-- Download.SeleniumDownload -->
    </test> <!-- Default test -->
  </suite> <!-- Default suite -->
</testng-results>
