<?xml version="1.0" encoding="UTF-8"?>
<testng-results ignored="0" total="1" passed="1" failed="0" skipped="0">
  <reporter-output>
  </reporter-output>
  <suite started-at="2018-10-31T04:57:40Z" name="Default suite" finished-at="2018-10-31T04:58:03Z" duration-ms="22620">
    <groups>
      <group name="cucumber">
        <method signature="AbstractTestNGCucumberTests.feature(cucumber.api.testng.CucumberFeatureWrapper)[pri:0, instance:Runner.TestRunner@4fa1c212]" name="feature" class="cucumber.api.testng.AbstractTestNGCucumberTests"/>
      </group> <!-- cucumber -->
    </groups>
    <test started-at="2018-10-31T04:57:40Z" name="Default test" finished-at="2018-10-31T04:58:03Z" duration-ms="22620">
      <class name="Runner.TestRunner">
        <test-method is-config="true" signature="setUpClass()[pri:0, instance:Runner.TestRunner@4fa1c212]" started-at="2018-10-31T04:57:40Z" name="setUpClass" finished-at="2018-10-31T04:57:41Z" duration-ms="453" status="PASS">
          <reporter-output>
          </reporter-output>
        </test-method> <!-- setUpClass -->
        <test-method signature="feature(cucumber.api.testng.CucumberFeatureWrapper)[pri:0, instance:Runner.TestRunner@4fa1c212]" started-at="2018-10-31T04:57:41Z" name="feature" description="Runs Cucumber Feature" data-provider="features" finished-at="2018-10-31T04:58:03Z" duration-ms="21929" status="PASS">
          <params>
            <param index="0">
              <value>
                <![CDATA[Create a bank customer]]>
              </value>
            </param>
          </params>
          <reporter-output>
          </reporter-output>
        </test-method> <!-- feature -->
        <test-method is-config="true" signature="tearDownClass()[pri:0, instance:Runner.TestRunner@4fa1c212]" started-at="2018-10-31T04:58:03Z" name="tearDownClass" finished-at="2018-10-31T04:58:03Z" duration-ms="3" status="PASS">
          <reporter-output>
          </reporter-output>
        </test-method> <!-- tearDownClass -->
      </class> <!-- Runner.TestRunner -->
    </test> <!-- Default test -->
  </suite> <!-- Default suite -->
</testng-results>
